header:
  stamp:
    sec: 11
    nanosec: 400000000
  frame_id: map
info:
  map_load_time:
    sec: 11
    nanosec: 400000000
  resolution: 0.05000000074505806
  width: 384
  height: 384
  origin:
    position:
      x: -10.0
      y: -10.0
      z: 0.0
    orientation:
      x: 0.0
      y: 0.0
      z: 0.0
      w: 1.0
data:
- -1
- -1
- -1
- -1
- -1
- -1
- -1
- -1
- -1
- -1
- -1
- -1
- -1
- -1
- -1
- -1
- -1
- -1
- -1
- -1
- -1
- -1
- -1
- -1
- -1
- -1
- -1
- -1
- -1
- -1
- -1
- -1
- -1
- -1
- -1
- -1
- -1
- -1
- -1
- -1
- -1
- -1
- -1
- -1
- -1
- -1
- -1
- -1
- -1
- -1
- -1
- -1
- -1
- -1
- -1
- -1
- -1
- -1
- -1
- -1
- -1
- -1
- -1
- -1
- -1
- -1
- -1
- -1
- -1
- -1
- -1
- -1
- -1
- -1
- -1
- -1
- -1
- -1
- -1
- -1
- -1
- -1
- -1
- -1
- -1
- -1
- -1
- -1
- -1
- -1
- -1
- -1
- -1
- -1
- -1
- -1
- -1
- -1
- -1
- -1
- -1
- -1
- -1
- -1
- -1
- -1
- -1
- -1
- -1
- -1
- -1
- -1
- -1
- -1
- -1
- -1
- -1
- -1
- -1
- -1
- -1
- -1
- -1
- -1
- -1
- -1
- -1
- -1
- '...'
---
