[INFO] [1771911757.593116874] [w2_d7_goal_sender]: started: frame_id=map x=0.0 y=0.0 yaw=0.0 timeout_sec=120.0 server_timeout_sec=3.0 action_name=/navigate_to_pose
ts=2026-02-24T13:42:37+08:00 tool=goal_sender level=OK status=OK reason=goal_sent action=/navigate_to_pose frame=map x=0.000 y=0.000 yaw=0.000
ts=2026-02-24T13:42:37+08:00 tool=goal_sender level=OK status=OK reason=goal_accepted action=/navigate_to_pose
ts=2026-02-24T13:42:59+08:00 tool=goal_sender level=OK status=OK reason=result_received action=/navigate_to_pose result_status=4 result_status_name=SUCCEEDED time_sec=21.979
[INFO] [1771913837.066743341] [w2_d7_goal_sender]: started: frame_id=map x=1.8 y=0.0 yaw=0.0 timeout_sec=120.0 server_timeout_sec=3.0 action_name=/navigate_to_pose
ts=2026-02-24T14:17:17+08:00 tool=goal_sender level=OK status=OK reason=goal_sent action=/navigate_to_pose frame=map x=1.800 y=0.000 yaw=0.000
ts=2026-02-24T14:17:17+08:00 tool=goal_sender level=OK status=OK reason=goal_accepted action=/navigate_to_pose
ts=2026-02-24T14:17:51+08:00 tool=goal_sender level=OK status=OK reason=result_received action=/navigate_to_pose result_status=4 result_status_name=SUCCEEDED time_sec=34.746
[INFO] [1771913894.245057025] [w2_d7_goal_sender]: started: frame_id=map x=-2.0 y=0.0 yaw=0.0 timeout_sec=120.0 server_timeout_sec=3.0 action_name=/navigate_to_pose
ts=2026-02-24T14:18:14+08:00 tool=goal_sender level=OK status=OK reason=goal_sent action=/navigate_to_pose frame=map x=-2.000 y=0.000 yaw=0.000
ts=2026-02-24T14:18:14+08:00 tool=goal_sender level=OK status=OK reason=goal_accepted action=/navigate_to_pose
ts=2026-02-24T14:18:44+08:00 tool=goal_sender level=OK status=OK reason=result_received action=/navigate_to_pose result_status=4 result_status_name=SUCCEEDED time_sec=30.663
[INFO] [1771913929.353690187] [w2_d7_goal_sender]: started: frame_id=map x=1.8 y=0.0 yaw=0.0 timeout_sec=120.0 server_timeout_sec=3.0 action_name=/navigate_to_pose
ts=2026-02-24T14:18:49+08:00 tool=goal_sender level=OK status=OK reason=goal_sent action=/navigate_to_pose frame=map x=1.800 y=0.000 yaw=0.000
ts=2026-02-24T14:18:49+08:00 tool=goal_sender level=OK status=OK reason=goal_accepted action=/navigate_to_pose
ts=2026-02-24T14:19:18+08:00 tool=goal_sender level=OK status=OK reason=result_received action=/navigate_to_pose result_status=4 result_status_name=SUCCEEDED time_sec=29.507
[INFO] [1771913970.276309805] [w2_d7_goal_sender]: started: frame_id=map x=-2.0 y=0.0 yaw=0.0 timeout_sec=120.0 server_timeout_sec=3.0 action_name=/navigate_to_pose
ts=2026-02-24T14:19:30+08:00 tool=goal_sender level=OK status=OK reason=goal_sent action=/navigate_to_pose frame=map x=-2.000 y=0.000 yaw=0.000
ts=2026-02-24T14:19:30+08:00 tool=goal_sender level=OK status=OK reason=goal_accepted action=/navigate_to_pose
ts=2026-02-24T14:20:02+08:00 tool=goal_sender level=OK status=OK reason=result_received action=/navigate_to_pose result_status=4 result_status_name=SUCCEEDED time_sec=31.839
[INFO] [1771914012.706960125] [w2_d7_goal_sender]: started: frame_id=map x=1.8 y=0.0 yaw=0.0 timeout_sec=120.0 server_timeout_sec=3.0 action_name=/navigate_to_pose
ts=2026-02-24T14:20:12+08:00 tool=goal_sender level=OK status=OK reason=goal_sent action=/navigate_to_pose frame=map x=1.800 y=0.000 yaw=0.000
ts=2026-02-24T14:20:12+08:00 tool=goal_sender level=OK status=OK reason=goal_accepted action=/navigate_to_pose
ts=2026-02-24T14:20:38+08:00 tool=goal_sender level=OK status=OK reason=result_received action=/navigate_to_pose result_status=4 result_status_name=SUCCEEDED time_sec=25.563
[INFO] [1771914115.319001525] [w2_d7_goal_sender]: started: frame_id=map x=-2.0 y=0.0 yaw=0.0 timeout_sec=120.0 server_timeout_sec=3.0 action_name=/navigate_to_pose
ts=2026-02-24T14:21:55+08:00 tool=goal_sender level=OK status=OK reason=goal_sent action=/navigate_to_pose frame=map x=-2.000 y=0.000 yaw=0.000
ts=2026-02-24T14:21:55+08:00 tool=goal_sender level=OK status=OK reason=goal_accepted action=/navigate_to_pose
ts=2026-02-24T14:22:25+08:00 tool=goal_sender level=OK status=OK reason=result_received action=/navigate_to_pose result_status=4 result_status_name=SUCCEEDED time_sec=30.385
[INFO] [1771914169.191261185] [w2_d7_goal_sender]: started: frame_id=map x=1.8 y=0.0 yaw=0.0 timeout_sec=120.0 server_timeout_sec=3.0 action_name=/navigate_to_pose
ts=2026-02-24T14:22:49+08:00 tool=goal_sender level=OK status=OK reason=goal_sent action=/navigate_to_pose frame=map x=1.800 y=0.000 yaw=0.000
ts=2026-02-24T14:22:49+08:00 tool=goal_sender level=OK status=OK reason=goal_accepted action=/navigate_to_pose
ts=2026-02-24T14:23:15+08:00 tool=goal_sender level=OK status=OK reason=result_received action=/navigate_to_pose result_status=4 result_status_name=SUCCEEDED time_sec=25.872
[INFO] [1771914201.831317480] [w2_d7_goal_sender]: started: frame_id=map x=-2.0 y=0.0 yaw=0.0 timeout_sec=120.0 server_timeout_sec=3.0 action_name=/navigate_to_pose
ts=2026-02-24T14:23:21+08:00 tool=goal_sender level=OK status=OK reason=goal_sent action=/navigate_to_pose frame=map x=-2.000 y=0.000 yaw=0.000
ts=2026-02-24T14:23:21+08:00 tool=goal_sender level=OK status=OK reason=goal_accepted action=/navigate_to_pose
ts=2026-02-24T14:23:48+08:00 tool=goal_sender level=OK status=OK reason=result_received action=/navigate_to_pose result_status=4 result_status_name=SUCCEEDED time_sec=27.062
[INFO] [1771914281.862097681] [w2_d7_goal_sender]: started: frame_id=map x=1.8 y=0.0 yaw=0.0 timeout_sec=120.0 server_timeout_sec=3.0 action_name=/navigate_to_pose
ts=2026-02-24T14:24:41+08:00 tool=goal_sender level=OK status=OK reason=goal_sent action=/navigate_to_pose frame=map x=1.800 y=0.000 yaw=0.000
ts=2026-02-24T14:24:41+08:00 tool=goal_sender level=OK status=OK reason=goal_accepted action=/navigate_to_pose
ts=2026-02-24T14:25:12+08:00 tool=goal_sender level=OK status=OK reason=result_received action=/navigate_to_pose result_status=4 result_status_name=SUCCEEDED time_sec=30.482
[INFO] [1771914313.943792563] [w2_d7_goal_sender]: started: frame_id=map x=-2.0 y=0.0 yaw=0.0 timeout_sec=120.0 server_timeout_sec=3.0 action_name=/navigate_to_pose
ts=2026-02-24T14:25:13+08:00 tool=goal_sender level=OK status=OK reason=goal_sent action=/navigate_to_pose frame=map x=-2.000 y=0.000 yaw=0.000
ts=2026-02-24T14:25:13+08:00 tool=goal_sender level=OK status=OK reason=goal_accepted action=/navigate_to_pose
ts=2026-02-24T14:25:48+08:00 tool=goal_sender level=OK status=OK reason=result_received action=/navigate_to_pose result_status=4 result_status_name=SUCCEEDED time_sec=34.206
