At time 153.894000000
- Translation: [-1.998, -0.062, 0.010]
- Rotation: in Quaternion (xyzw) [-0.000, 0.000, -0.002, 1.000]
- Rotation: in RPY (radian) [-0.000, 0.000, -0.004]
- Rotation: in RPY (degree) [-0.000, 0.000, -0.209]
- Matrix:
  1.000  0.004  0.000 -1.998
 -0.004  1.000  0.000 -0.062
 -0.000 -0.000  1.000  0.010
  0.000  0.000  0.000  1.000
At time 154.880000000
- Translation: [-1.998, -0.062, 0.010]
- Rotation: in Quaternion (xyzw) [-0.000, 0.000, -0.002, 1.000]
- Rotation: in RPY (radian) [-0.000, 0.000, -0.004]
- Rotation: in RPY (degree) [-0.000, 0.000, -0.209]
- Matrix:
  1.000  0.004  0.000 -1.998
 -0.004  1.000  0.000 -0.062
 -0.000 -0.000  1.000  0.010
  0.000  0.000  0.000  1.000
At time 155.866000000
- Translation: [-1.998, -0.062, 0.010]
- Rotation: in Quaternion (xyzw) [-0.000, -0.000, -0.002, 1.000]
- Rotation: in RPY (radian) [-0.000, -0.000, -0.004]
- Rotation: in RPY (degree) [-0.000, -0.000, -0.209]
- Matrix:
  1.000  0.004 -0.000 -1.998
 -0.004  1.000  0.000 -0.062
  0.000 -0.000  1.000  0.010
  0.000  0.000  0.000  1.000
